{
  "RSpec": {
    "coverage": {
      "/Users/allisonnorthrop/ada/04_week/ride-share-two/lib/driver.rb": [
        1,
        null,
        1,
        1,
        1,
        null,
        1,
        1007,
        1005,
        1005,
        1005,
        null,
        null,
        null,
        1,
        1,
        1,
        null,
        null,
        null,
        1,
        null,
        3,
        3,
        3,
        26,
        null,
        3,
        3,
        3,
        3,
        null,
        null,
        null,
        null,
        null,
        1,
        10,
        10,
        1000,
        1000,
        1000,
        1000,
        1000,
        null,
        10,
        null,
        null,
        null,
        1,
        6,
        6,
        371,
        5,
        null,
        null,
        1,
        null,
        null,
        null,
        null
      ],
      "/Users/allisonnorthrop/ada/04_week/ride-share-two/lib/rider.rb": [
        1,
        null,
        1,
        1,
        1,
        null,
        1,
        1205,
        1205,
        1205,
        null,
        null,
        null,
        1,
        3,
        3,
        null,
        null,
        null,
        1,
        1,
        1,
        1,
        2,
        null,
        1,
        null,
        null,
        null,
        1,
        4,
        4,
        1200,
        1200,
        1200,
        null,
        1200,
        1200,
        null,
        4,
        null,
        null,
        null,
        1,
        3,
        3,
        601,
        2,
        null,
        null,
        1,
        null,
        null,
        null,
        null,
        null
      ],
      "/Users/allisonnorthrop/ada/04_week/ride-share-two/lib/trip.rb": [
        1,
        null,
        1,
        1,
        1,
        null,
        1,
        8403,
        8401,
        8401,
        8401,
        8401,
        8401,
        null,
        null,
        null,
        1,
        2,
        null,
        null,
        null,
        1,
        0,
        null,
        null,
        null,
        1,
        14,
        14,
        8400,
        8400,
        8400,
        8400,
        8400,
        8400,
        8400,
        null,
        14,
        null,
        null,
        null,
        null,
        1,
        5,
        5,
        5,
        3000,
        35,
        null,
        null,
        5,
        null,
        null,
        null,
        1,
        5,
        5,
        5,
        3000,
        7,
        null,
        null,
        5,
        null,
        null,
        null,
        null
      ],
      "/Users/allisonnorthrop/ada/04_week/ride-share-two/specs/rider_spec.rb": [
        1,
        1,
        null,
        1,
        null,
        1,
        1,
        1,
        1,
        null,
        1,
        null,
        1,
        1,
        null,
        1,
        1,
        null,
        1,
        1,
        null,
        null,
        null,
        1,
        1,
        1,
        null,
        null,
        null,
        1,
        1,
        1,
        1,
        1,
        null,
        null,
        1,
        1,
        1,
        1,
        1,
        1,
        null,
        null,
        1,
        2,
        null,
        null,
        null,
        1,
        1,
        1,
        null,
        null,
        1,
        1,
        1,
        null,
        null,
        null,
        1,
        1,
        1,
        null,
        null,
        1,
        1,
        1,
        null,
        null,
        null,
        null
      ],
      "/Users/allisonnorthrop/ada/04_week/ride-share-two/specs/trip_spec.rb": [
        1,
        1,
        null,
        1,
        null,
        null,
        1,
        1,
        1,
        1,
        1,
        1,
        null,
        1,
        null,
        1,
        1,
        null,
        1,
        1,
        null,
        1,
        1,
        null,
        1,
        1,
        null,
        1,
        1,
        null,
        null,
        1,
        1,
        1,
        null,
        null,
        null,
        1,
        1,
        1,
        null,
        null,
        null,
        null,
        1,
        1,
        1,
        null,
        null,
        1,
        1,
        1,
        600,
        null,
        null,
        null,
        1,
        1,
        1,
        1,
        1,
        1,
        1,
        null,
        null,
        1,
        1,
        1,
        1,
        0,
        0,
        0,
        0,
        null,
        null,
        null,
        null,
        1,
        1,
        1,
        null,
        null,
        null,
        1,
        1,
        1,
        null,
        null,
        null
      ]
    },
    "timestamp": 1489370110
  }
}
