{
  "RSpec": {
    "coverage": {
      "/Users/annabarklund/OneDrive/02_Git/ada/projects/ride-share-two/lib/driver.rb": [
        1,
        null,
        1,
        1,
        null,
        1,
        1,
        null,
        309,
        309,
        309,
        null,
        null,
        1,
        6,
        6,
        312,
        312,
        null,
        4,
        4,
        null,
        308,
        null,
        6,
        null,
        null,
        1,
        2,
        2,
        101,
        1,
        1,
        null,
        null,
        2,
        1,
        null,
        null,
        null,
        null,
        null
      ],
      "/Users/annabarklund/OneDrive/02_Git/ada/projects/ride-share-two/specs/trip_spec.rb": [
        1,
        1,
        null,
        1,
        1,
        1,
        2,
        2,
        2,
        2,
        2,
        2,
        null,
        1,
        null,
        1,
        1,
        null,
        1,
        1,
        null,
        1,
        1,
        null,
        1,
        1,
        null,
        1,
        1,
        null,
        null,
        1,
        1,
        1,
        1,
        1,
        1,
        null,
        null,
        null,
        null
      ],
      "/Users/annabarklund/OneDrive/02_Git/ada/projects/ride-share-two/lib/trip.rb": [
        1,
        null,
        1,
        1,
        null,
        1,
        1,
        2,
        2,
        2,
        2,
        2,
        null,
        null,
        null,
        null,
        null
      ]
    },
    "timestamp": 1488907701
  }
}
